/home/rithikha/task1/install/monitoring_system/lib/python3.10/site-packages/monitoring_system/__init__.py
/home/rithikha/task1/install/monitoring_system/lib/python3.10/site-packages/monitoring_system/utility_node.py
/home/rithikha/task1/install/monitoring_system/lib/python3.10/site-packages/monitoring_system/cpu_temp_publisher.py
/home/rithikha/task1/install/monitoring_system/lib/python3.10/site-packages/monitoring_system/cpu_temp_monitor.py
/home/rithikha/task1/install/monitoring_system/lib/python3.10/site-packages/monitoring_system/__pycache__/__init__.cpython-310.pyc
/home/rithikha/task1/install/monitoring_system/lib/python3.10/site-packages/monitoring_system/__pycache__/utility_node.cpython-310.pyc
/home/rithikha/task1/install/monitoring_system/lib/python3.10/site-packages/monitoring_system/__pycache__/cpu_temp_publisher.cpython-310.pyc
/home/rithikha/task1/install/monitoring_system/lib/python3.10/site-packages/monitoring_system/__pycache__/cpu_temp_monitor.cpython-310.pyc
/home/rithikha/task1/install/monitoring_system/share/ament_index/resource_index/packages/monitoring_system
/home/rithikha/task1/install/monitoring_system/share/monitoring_system/package.xml
/home/rithikha/task1/install/monitoring_system/lib/python3.10/site-packages/monitoring_system-0.0.0-py3.10.egg-info/zip-safe
/home/rithikha/task1/install/monitoring_system/lib/python3.10/site-packages/monitoring_system-0.0.0-py3.10.egg-info/requires.txt
/home/rithikha/task1/install/monitoring_system/lib/python3.10/site-packages/monitoring_system-0.0.0-py3.10.egg-info/PKG-INFO
/home/rithikha/task1/install/monitoring_system/lib/python3.10/site-packages/monitoring_system-0.0.0-py3.10.egg-info/entry_points.txt
/home/rithikha/task1/install/monitoring_system/lib/python3.10/site-packages/monitoring_system-0.0.0-py3.10.egg-info/SOURCES.txt
/home/rithikha/task1/install/monitoring_system/lib/python3.10/site-packages/monitoring_system-0.0.0-py3.10.egg-info/dependency_links.txt
/home/rithikha/task1/install/monitoring_system/lib/python3.10/site-packages/monitoring_system-0.0.0-py3.10.egg-info/top_level.txt
/home/rithikha/task1/install/monitoring_system/lib/monitoring_system/cpu_temp_monitor
/home/rithikha/task1/install/monitoring_system/lib/monitoring_system/cpu_temp_publisher
/home/rithikha/task1/install/monitoring_system/lib/monitoring_system/utility_node
