running egg_info
writing ../../build/monitoring_system/monitoring_system.egg-info/PKG-INFO
writing dependency_links to ../../build/monitoring_system/monitoring_system.egg-info/dependency_links.txt
writing entry points to ../../build/monitoring_system/monitoring_system.egg-info/entry_points.txt
writing requirements to ../../build/monitoring_system/monitoring_system.egg-info/requires.txt
writing top-level names to ../../build/monitoring_system/monitoring_system.egg-info/top_level.txt
reading manifest file '../../build/monitoring_system/monitoring_system.egg-info/SOURCES.txt'
writing manifest file '../../build/monitoring_system/monitoring_system.egg-info/SOURCES.txt'
running build
running build_py
copying monitoring_system/utility_node.py -> /home/rithikha/task1/build/monitoring_system/build/lib/monitoring_system
copying monitoring_system/cpu_temp_publisher.py -> /home/rithikha/task1/build/monitoring_system/build/lib/monitoring_system
copying monitoring_system/cpu_temp_monitor.py -> /home/rithikha/task1/build/monitoring_system/build/lib/monitoring_system
running install
running install_lib
copying /home/rithikha/task1/build/monitoring_system/build/lib/monitoring_system/utility_node.py -> /home/rithikha/task1/install/monitoring_system/lib/python3.10/site-packages/monitoring_system
copying /home/rithikha/task1/build/monitoring_system/build/lib/monitoring_system/cpu_temp_publisher.py -> /home/rithikha/task1/install/monitoring_system/lib/python3.10/site-packages/monitoring_system
copying /home/rithikha/task1/build/monitoring_system/build/lib/monitoring_system/cpu_temp_monitor.py -> /home/rithikha/task1/install/monitoring_system/lib/python3.10/site-packages/monitoring_system
byte-compiling /home/rithikha/task1/install/monitoring_system/lib/python3.10/site-packages/monitoring_system/utility_node.py to utility_node.cpython-310.pyc
byte-compiling /home/rithikha/task1/install/monitoring_system/lib/python3.10/site-packages/monitoring_system/cpu_temp_publisher.py to cpu_temp_publisher.cpython-310.pyc
byte-compiling /home/rithikha/task1/install/monitoring_system/lib/python3.10/site-packages/monitoring_system/cpu_temp_monitor.py to cpu_temp_monitor.cpython-310.pyc
running install_data
running install_egg_info
removing '/home/rithikha/task1/install/monitoring_system/lib/python3.10/site-packages/monitoring_system-0.0.0-py3.10.egg-info' (and everything under it)
Copying ../../build/monitoring_system/monitoring_system.egg-info to /home/rithikha/task1/install/monitoring_system/lib/python3.10/site-packages/monitoring_system-0.0.0-py3.10.egg-info
running install_scripts
Installing cpu_temp_monitor script to /home/rithikha/task1/install/monitoring_system/lib/monitoring_system
Installing cpu_temp_publisher script to /home/rithikha/task1/install/monitoring_system/lib/monitoring_system
Installing utility_node script to /home/rithikha/task1/install/monitoring_system/lib/monitoring_system
writing list of installed files to '/home/rithikha/task1/build/monitoring_system/install.log'
