running egg_info
creating ../../build/monitoring_system/monitoring_system.egg-info
writing ../../build/monitoring_system/monitoring_system.egg-info/PKG-INFO
writing dependency_links to ../../build/monitoring_system/monitoring_system.egg-info/dependency_links.txt
writing entry points to ../../build/monitoring_system/monitoring_system.egg-info/entry_points.txt
writing requirements to ../../build/monitoring_system/monitoring_system.egg-info/requires.txt
writing top-level names to ../../build/monitoring_system/monitoring_system.egg-info/top_level.txt
writing manifest file '../../build/monitoring_system/monitoring_system.egg-info/SOURCES.txt'
reading manifest file '../../build/monitoring_system/monitoring_system.egg-info/SOURCES.txt'
writing manifest file '../../build/monitoring_system/monitoring_system.egg-info/SOURCES.txt'
running build
running build_py
creating /home/rithikha/task1/build/monitoring_system/build
creating /home/rithikha/task1/build/monitoring_system/build/lib
creating /home/rithikha/task1/build/monitoring_system/build/lib/monitoring_system
copying monitoring_system/__init__.py -> /home/rithikha/task1/build/monitoring_system/build/lib/monitoring_system
running install
running install_lib
creating /home/rithikha/task1/install/monitoring_system/lib/python3.10/site-packages/monitoring_system
copying /home/rithikha/task1/build/monitoring_system/build/lib/monitoring_system/__init__.py -> /home/rithikha/task1/install/monitoring_system/lib/python3.10/site-packages/monitoring_system
byte-compiling /home/rithikha/task1/install/monitoring_system/lib/python3.10/site-packages/monitoring_system/__init__.py to __init__.cpython-310.pyc
running install_data
creating /home/rithikha/task1/install/monitoring_system/share/ament_index
creating /home/rithikha/task1/install/monitoring_system/share/ament_index/resource_index
creating /home/rithikha/task1/install/monitoring_system/share/ament_index/resource_index/packages
copying resource/monitoring_system -> /home/rithikha/task1/install/monitoring_system/share/ament_index/resource_index/packages
copying package.xml -> /home/rithikha/task1/install/monitoring_system/share/monitoring_system
running install_egg_info
Copying ../../build/monitoring_system/monitoring_system.egg-info to /home/rithikha/task1/install/monitoring_system/lib/python3.10/site-packages/monitoring_system-0.0.0-py3.10.egg-info
running install_scripts
writing list of installed files to '/home/rithikha/task1/build/monitoring_system/install.log'
