[0.836s] Invoking command in '/home/rithikha/task1/src/monitoring_system': PYTHONPATH=/home/rithikha/task1/build/monitoring_system/prefix_override:/usr/lib/python3/dist-packages/colcon_core/task/python/colcon_distutils_commands:/home/rithikha/task1/install/monitoring_system/lib/python3.10/site-packages:${PYTHONPATH} /usr/bin/python3 -W ignore:setup.py install is deprecated -W ignore:easy_install command is deprecated setup.py egg_info --egg-base ../../build/monitoring_system build --build-base /home/rithikha/task1/build/monitoring_system/build install --record /home/rithikha/task1/build/monitoring_system/install.log --single-version-externally-managed install_data
[1.159s] running egg_info
[1.160s] creating ../../build/monitoring_system/monitoring_system.egg-info
[1.161s] writing ../../build/monitoring_system/monitoring_system.egg-info/PKG-INFO
[1.161s] writing dependency_links to ../../build/monitoring_system/monitoring_system.egg-info/dependency_links.txt
[1.162s] writing entry points to ../../build/monitoring_system/monitoring_system.egg-info/entry_points.txt
[1.162s] writing requirements to ../../build/monitoring_system/monitoring_system.egg-info/requires.txt
[1.162s] writing top-level names to ../../build/monitoring_system/monitoring_system.egg-info/top_level.txt
[1.162s] writing manifest file '../../build/monitoring_system/monitoring_system.egg-info/SOURCES.txt'
[1.165s] reading manifest file '../../build/monitoring_system/monitoring_system.egg-info/SOURCES.txt'
[1.166s] writing manifest file '../../build/monitoring_system/monitoring_system.egg-info/SOURCES.txt'
[1.166s] running build
[1.166s] running build_py
[1.166s] creating /home/rithikha/task1/build/monitoring_system/build
[1.167s] creating /home/rithikha/task1/build/monitoring_system/build/lib
[1.167s] creating /home/rithikha/task1/build/monitoring_system/build/lib/monitoring_system
[1.167s] copying monitoring_system/__init__.py -> /home/rithikha/task1/build/monitoring_system/build/lib/monitoring_system
[1.167s] running install
[1.168s] running install_lib
[1.169s] creating /home/rithikha/task1/install/monitoring_system/lib/python3.10/site-packages/monitoring_system
[1.169s] copying /home/rithikha/task1/build/monitoring_system/build/lib/monitoring_system/__init__.py -> /home/rithikha/task1/install/monitoring_system/lib/python3.10/site-packages/monitoring_system
[1.170s] byte-compiling /home/rithikha/task1/install/monitoring_system/lib/python3.10/site-packages/monitoring_system/__init__.py to __init__.cpython-310.pyc
[1.170s] running install_data
[1.170s] creating /home/rithikha/task1/install/monitoring_system/share/ament_index
[1.171s] creating /home/rithikha/task1/install/monitoring_system/share/ament_index/resource_index
[1.171s] creating /home/rithikha/task1/install/monitoring_system/share/ament_index/resource_index/packages
[1.171s] copying resource/monitoring_system -> /home/rithikha/task1/install/monitoring_system/share/ament_index/resource_index/packages
[1.171s] copying package.xml -> /home/rithikha/task1/install/monitoring_system/share/monitoring_system
[1.171s] running install_egg_info
[1.174s] Copying ../../build/monitoring_system/monitoring_system.egg-info to /home/rithikha/task1/install/monitoring_system/lib/python3.10/site-packages/monitoring_system-0.0.0-py3.10.egg-info
[1.175s] running install_scripts
[1.211s] writing list of installed files to '/home/rithikha/task1/build/monitoring_system/install.log'
[1.250s] Invoked command in '/home/rithikha/task1/src/monitoring_system' returned '0': PYTHONPATH=/home/rithikha/task1/build/monitoring_system/prefix_override:/usr/lib/python3/dist-packages/colcon_core/task/python/colcon_distutils_commands:/home/rithikha/task1/install/monitoring_system/lib/python3.10/site-packages:${PYTHONPATH} /usr/bin/python3 -W ignore:setup.py install is deprecated -W ignore:easy_install command is deprecated setup.py egg_info --egg-base ../../build/monitoring_system build --build-base /home/rithikha/task1/build/monitoring_system/build install --record /home/rithikha/task1/build/monitoring_system/install.log --single-version-externally-managed install_data
